<?xml version="1.0" encoding="UTF-8" ?>
<testsuite tests="1" failures="1" name="purchaseServiceTest.BaseTest" time="2" errors="0" skipped="0">
  <properties>
[...]
</properties>
  <testcase classname="purchaseServiceTest.BaseTest" name="closeAllWindows" time="2">
    <failure message="Cannot invoke &quot;org.openqa.selenium.WebDriver.quit()&quot; because &quot;this.driver&quot; is null" type="java.lang.NullPointerException">java.lang.NullPointerException: Cannot invoke &quot;org.openqa.selenium.WebDriver.quit()&quot; because &quot;this.driver&quot; is null
	at purchaseServiceTest.BaseTest.closeAllWindows(BaseTest.java:43)
</failure>
    <system-out>Configuring TestNG with: org.apache.maven.surefire.testng.conf.TestNG652Configurator@6aaa5eb0
</system-out>
    <system-err>SLF4J: No SLF4J providers were found.
SLF4J: Defaulting to no-operation (NOP) logger implementation
SLF4J: See https://www.slf4j.org/codes.html#noProviders for further details.
</system-err>
  </testcase>
</testsuite>