<?xml version="1.0" encoding="UTF-8"?>
<!-- Generated by org.testng.reporters.JUnitXMLReporter -->
<testsuite ignored="0" hostname="Admins-MacBook-Pro-2.local" failures="0" tests="0" time="1.59" errors="0" timestamp="16 Nov 2023 15:30:08 GMT">
  <testcase classname="purchaseServiceTest.BaseTest" name="@AfterTest closeAllWindows" time="0.001">
    <failure type="java.lang.NullPointerException" message="Cannot invoke &amp;quot;org.openqa.selenium.WebDriver.quit()&amp;quot; because &amp;quot;this.driver&amp;quot; is null">
      <![CDATA[java.lang.NullPointerException: Cannot invoke "org.openqa.selenium.WebDriver.quit()" because "this.driver" is null
at purchaseServiceTest.BaseTest.closeAllWindows(BaseTest.java:43)
... Removed 33 stack frames]]>
    </failure>
  </testcase> <!-- @AfterTest closeAllWindows -->
</testsuite>
